#
# A fatal error has been detected by the Java Runtime Environment:
#
#  EXCEPTION_ACCESS_VIOLATION (0xc0000005) at pc=0xffffffffa37d5120, pid=3520, tid=3492
#
# JRE version: Java(TM) SE Runtime Environment (8.0_65-b17) (build 1.8.0_65-b17)
# Java VM: Java HotSpot(TM) 64-Bit Server VM (25.65-b01 mixed mode windows-amd64 compressed oops)
# Problematic frame:
# C  0xffffffffa37d5120
#
# Failed to write core dump. Minidumps are not enabled by default on client versions of Windows
#
# If you would like to submit a bug report, please visit:
#   http://bugreport.java.com/bugreport/crash.jsp
#

---------------  T H R E A D  ---------------

Current thread (0x0000000001e4e000):  JavaThread "main" [_thread_in_Java, id=3492, stack(0x0000000002400000,0x0000000002500000)]

siginfo: ExceptionCode=0xc0000005, ExceptionInformation=0x0000000000000008 0xffffffffa37d5120

Registers:
RAX=0x0000000000000007, RBX=0x00000000b8a1d838, RCX=0x000000000000147d, RDX=0x00000000c0060010
RSP=0x00000000024fe068, RBP=0x00000000024fe6a8, RSI=0x0000000000000007, RDI=0x0000000000001477
R8 =0x000000000000135e, R9 =0x00000000c0060010, R10=0x0000000014695010, R11=0x0000000000001477
R12=0x0000000000000000, R13=0x00000000c0060010, R14=0x0000000000020000, R15=0x0000000001e4e000
RIP=0xffffffffa37d5120, EFLAGS=0x0000000000010206

Top of Stack: (sp=0x00000000024fe068)
0x00000000024fe068:   000000000298e4bc 00000000029aaaac
0x00000000024fe078:   00000000eb1e4c78 00000000ead303b0
0x00000000024fe088:   00000000029b195c 00000000ead30238
0x00000000024fe098:   00000000000060b5 0000000000000000
0x00000000024fe0a8:   00000000029a73c4 00000000ead30238
0x00000000024fe0b8:   00000000024fe108 0000000054c1a820
0x00000000024fe0c8:   0000000054d076d8 0000000054aa28c8
0x00000000024fe0d8:   0000000000000000 00000000ead30238
0x00000000024fe0e8:   00000000000060fe 0000000000020000
0x00000000024fe0f8:   00000000eb19c030 00000000024fe590
0x00000000024fe108:   00000000029b1774 0000147754cd6102
0x00000000024fe118:   00000000c0060010 000058a300000007
0x00000000024fe128:   00000000ead54d50 0000000054cd6158
0x00000000024fe138:   0000000000000000 00000000024fe6a8
0x00000000024fe148:   00000000029bfdcc 00000000024fe1b8
0x00000000024fe158:   00000000027d7450 00000000027d7450 

Instructions: (pc=0xffffffffa37d5120)
0xffffffffa37d5100:   
[error occurred during error reporting (printing registers, top of stack, instructions near pc), id 0xc0000005]

Register to memory mapping:

RAX=0x0000000000000007 is an unknown value
RBX=0x00000000b8a1d838 is an unknown value
RCX=0x000000000000147d is an unknown value
RDX=0x00000000c0060010 is an oop
[B 
 - klass: {type array byte}
 - length: 131072
RSP=0x00000000024fe068 is pointing into the stack for thread: 0x0000000001e4e000
RBP=0x00000000024fe6a8 is pointing into the stack for thread: 0x0000000001e4e000
RSI=0x0000000000000007 is an unknown value
RDI=0x0000000000001477 is an unknown value
R8 =0x000000000000135e is an unknown value
R9 =0x00000000c0060010 is an oop
[B 
 - klass: {type array byte}
 - length: 131072
R10=0x0000000014695010 is pointing into metadata
R11=0x0000000000001477 is an unknown value
R12=0x0000000000000000 is an unknown value
R13=0x00000000c0060010 is an oop
[B 
 - klass: {type array byte}
 - length: 131072
R14=0x0000000000020000 is an unknown value
R15=0x0000000001e4e000 is a thread


Stack: [0x0000000002400000,0x0000000002500000],  sp=0x00000000024fe068,  free space=1016k
Native frames: (J=compiled Java code, j=interpreted, Vv=VM code, C=native code)
C  0xffffffffa37d5120


---------------  P R O C E S S  ---------------

Java Threads: ( => current thread )
  0x0000000056662000 JavaThread "Service Thread" daemon [_thread_blocked, id=5648, stack(0x0000000057350000,0x0000000057450000)]
  0x00000000565eb000 JavaThread "C1 CompilerThread2" daemon [_thread_in_native, id=3380, stack(0x00000000570a0000,0x00000000571a0000)]
  0x00000000565e9800 JavaThread "C2 CompilerThread1" daemon [_thread_in_native, id=4996, stack(0x0000000056ec0000,0x0000000056fc0000)]
  0x0000000055006000 JavaThread "C2 CompilerThread0" daemon [_thread_blocked, id=4480, stack(0x00000000563b0000,0x00000000564b0000)]
  0x0000000055005000 JavaThread "Attach Listener" daemon [_thread_blocked, id=3352, stack(0x0000000056cf0000,0x0000000056df0000)]
  0x0000000055004000 JavaThread "Signal Dispatcher" daemon [_thread_blocked, id=2516, stack(0x0000000056af0000,0x0000000056bf0000)]
  0x0000000054fab000 JavaThread "Finalizer" daemon [_thread_blocked, id=5600, stack(0x00000000564e0000,0x00000000565e0000)]
  0x0000000054fa4800 JavaThread "Reference Handler" daemon [_thread_blocked, id=6000, stack(0x0000000056290000,0x0000000056390000)]
=>0x0000000001e4e000 JavaThread "main" [_thread_in_Java, id=3492, stack(0x0000000002400000,0x0000000002500000)]

Other Threads:
  0x0000000054f9f000 VMThread [stack: 0x0000000056130000,0x0000000056230000] [id=3256]
  0x0000000056678800 WatcherThread [stack: 0x0000000057200000,0x0000000057300000] [id=5940]

VM state:not at safepoint (normal execution)

VM Mutex/Monitor currently owned by a thread: None

Heap:
 PSYoungGen      total 6656K, used 3207K [0x00000000eab00000, 0x00000000eb200000, 0x0000000100000000)
  eden space 6144K, 44% used [0x00000000eab00000,0x00000000eada9bf8,0x00000000eb100000)
  from space 512K, 93% used [0x00000000eb180000,0x00000000eb1f8020,0x00000000eb200000)
  to   space 512K, 0% used [0x00000000eb100000,0x00000000eb100000,0x00000000eb180000)
 ParOldGen       total 5632K, used 956K [0x00000000c0000000, 0x00000000c0580000, 0x00000000eab00000)
  object space 5632K, 16% used [0x00000000c0000000,0x00000000c00ef030,0x00000000c0580000)
 Metaspace       used 7387K, capacity 8148K, committed 8448K, reserved 1056768K
  class space    used 895K, capacity 912K, committed 1024K, reserved 1048576K

Card table byte_map: [0x0000000011b90000,0x0000000011da0000] byte_map_base: 0x0000000011590000

Marking Bits: (ParMarkBitMap*) 0x00000000596da5b0
 Begin Bits: [0x0000000012410000, 0x0000000013410000)
 End Bits:   [0x0000000013410000, 0x0000000014410000)

Polling page: 0x0000000001b60000

CodeCache: size=245760Kb used=2199Kb max_used=2199Kb free=243560Kb
 bounds [0x00000000027d0000, 0x0000000002a40000, 0x00000000117d0000]
 total_blobs=699 nmethods=404 adapters=210
 compilation: enabled

Compilation events (10 events):
Event: 0.519 Thread 0x00000000565e9800  403   !   4       com.sun.tools.javac.parser.JavaTokenizer::readToken (2243 bytes)
Event: 0.520 Thread 0x0000000055006000  406       4       com.sun.tools.javac.util.Name$Table::hashValue (36 bytes)
Event: 0.523 Thread 0x0000000055006000 nmethod 406 0x00000000029d0bd0 code [0x00000000029d0d00, 0x00000000029d0eb8]
Event: 0.523 Thread 0x0000000055006000  407       4       com.sun.tools.javac.parser.Scanner::token (30 bytes)
Event: 0.530 Thread 0x0000000055006000 nmethod 407 0x00000000029cf050 code [0x00000000029cf1c0, 0x00000000029cf3e8]
Event: 0.530 Thread 0x0000000055006000  416       4       com.sun.tools.javac.util.Convert::chars2utf (159 bytes)
Event: 0.535 Thread 0x0000000055006000 nmethod 416 0x00000000029cebd0 code [0x00000000029ced00, 0x00000000029cef58]
Event: 0.535 Thread 0x0000000055006000  421       4       com.sun.tools.javac.util.Name$Table::equals (44 bytes)
Event: 0.539 Thread 0x0000000055006000 nmethod 421 0x00000000029ce7d0 code [0x00000000029ce900, 0x00000000029ceab8]
Event: 0.539 Thread 0x0000000055006000  414       4       java.util.ArrayList::isEmpty (13 bytes)

GC Heap History (8 events):
Event: 0.154 GC heap before
{Heap before GC invocations=1 (full 0):
 PSYoungGen      total 2048K, used 1530K [0x00000000eab00000, 0x00000000ead80000, 0x0000000100000000)
  eden space 1536K, 99% used [0x00000000eab00000,0x00000000eac7ea30,0x00000000eac80000)
  from space 512K, 0% used [0x00000000ead00000,0x00000000ead00000,0x00000000ead80000)
  to   space 512K, 0% used [0x00000000eac80000,0x00000000eac80000,0x00000000ead00000)
 ParOldGen       total 5632K, used 0K [0x00000000c0000000, 0x00000000c0580000, 0x00000000eab00000)
  object space 5632K, 0% used [0x00000000c0000000,0x00000000c0000000,0x00000000c0580000)
 Metaspace       used 3518K, capacity 4716K, committed 4864K, reserved 1056768K
  class space    used 398K, capacity 424K, committed 512K, reserved 1048576K
Event: 0.156 GC heap after
Heap after GC invocations=1 (full 0):
 PSYoungGen      total 2048K, used 512K [0x00000000eab00000, 0x00000000eaf00000, 0x0000000100000000)
  eden space 1536K, 0% used [0x00000000eab00000,0x00000000eab00000,0x00000000eac80000)
  from space 512K, 100% used [0x00000000eac80000,0x00000000ead00000,0x00000000ead00000)
  to   space 512K, 0% used [0x00000000eae80000,0x00000000eae80000,0x00000000eaf00000)
 ParOldGen       total 5632K, used 16K [0x00000000c0000000, 0x00000000c0580000, 0x00000000eab00000)
  object space 5632K, 0% used [0x00000000c0000000,0x00000000c0004000,0x00000000c0580000)
 Metaspace       used 3518K, capacity 4716K, committed 4864K, reserved 1056768K
  class space    used 398K, capacity 424K, committed 512K, reserved 1048576K
}
Event: 0.214 GC heap before
{Heap before GC invocations=2 (full 0):
 PSYoungGen      total 2048K, used 2040K [0x00000000eab00000, 0x00000000eaf00000, 0x0000000100000000)
  eden space 1536K, 99% used [0x00000000eab00000,0x00000000eac7e300,0x00000000eac80000)
  from space 512K, 100% used [0x00000000eac80000,0x00000000ead00000,0x00000000ead00000)
  to   space 512K, 0% used [0x00000000eae80000,0x00000000eae80000,0x00000000eaf00000)
 ParOldGen       total 5632K, used 16K [0x00000000c0000000, 0x00000000c0580000, 0x00000000eab00000)
  object space 5632K, 0% used [0x00000000c0000000,0x00000000c0004000,0x00000000c0580000)
 Metaspace       used 4284K, capacity 5364K, committed 5504K, reserved 1056768K
  class space    used 503K, capacity 560K, committed 640K, reserved 1048576K
Event: 0.216 GC heap after
Heap after GC invocations=2 (full 0):
 PSYoungGen      total 3584K, used 480K [0x00000000eab00000, 0x00000000eaf00000, 0x0000000100000000)
  eden space 3072K, 0% used [0x00000000eab00000,0x00000000eab00000,0x00000000eae00000)
  from space 512K, 93% used [0x00000000eae80000,0x00000000eaef8020,0x00000000eaf00000)
  to   space 512K, 0% used [0x00000000eae00000,0x00000000eae00000,0x00000000eae80000)
 ParOldGen       total 5632K, used 96K [0x00000000c0000000, 0x00000000c0580000, 0x00000000eab00000)
  object space 5632K, 1% used [0x00000000c0000000,0x00000000c0018000,0x00000000c0580000)
 Metaspace       used 4284K, capacity 5364K, committed 5504K, reserved 1056768K
  class space    used 503K, capacity 560K, committed 640K, reserved 1048576K
}
Event: 0.311 GC heap before
{Heap before GC invocations=3 (full 0):
 PSYoungGen      total 3584K, used 3504K [0x00000000eab00000, 0x00000000eaf00000, 0x0000000100000000)
  eden space 3072K, 98% used [0x00000000eab00000,0x00000000eadf43c8,0x00000000eae00000)
  from space 512K, 93% used [0x00000000eae80000,0x00000000eaef8020,0x00000000eaf00000)
  to   space 512K, 0% used [0x00000000eae00000,0x00000000eae00000,0x00000000eae80000)
 ParOldGen       total 5632K, used 96K [0x00000000c0000000, 0x00000000c0580000, 0x00000000eab00000)
  object space 5632K, 1% used [0x00000000c0000000,0x00000000c0018000,0x00000000c0580000)
 Metaspace       used 5263K, capacity 6260K, committed 6400K, reserved 1056768K
  class space    used 640K, capacity 688K, committed 768K, reserved 1048576K
Event: 0.313 GC heap after
Heap after GC invocations=3 (full 0):
 PSYoungGen      total 3584K, used 495K [0x00000000eab00000, 0x00000000eb200000, 0x0000000100000000)
  eden space 3072K, 0% used [0x00000000eab00000,0x00000000eab00000,0x00000000eae00000)
  from space 512K, 96% used [0x00000000eae00000,0x00000000eae7bc20,0x00000000eae80000)
  to   space 512K, 0% used [0x00000000eb180000,0x00000000eb180000,0x00000000eb200000)
 ParOldGen       total 5632K, used 648K [0x00000000c0000000, 0x00000000c0580000, 0x00000000eab00000)
  object space 5632K, 11% used [0x00000000c0000000,0x00000000c00a2020,0x00000000c0580000)
 Metaspace       used 5263K, capacity 6260K, committed 6400K, reserved 1056768K
  class space    used 640K, capacity 688K, committed 768K, reserved 1048576K
}
Event: 0.413 GC heap before
{Heap before GC invocations=4 (full 0):
 PSYoungGen      total 3584K, used 3567K [0x00000000eab00000, 0x00000000eb200000, 0x0000000100000000)
  eden space 3072K, 100% used [0x00000000eab00000,0x00000000eae00000,0x00000000eae00000)
  from space 512K, 96% used [0x00000000eae00000,0x00000000eae7bc20,0x00000000eae80000)
  to   space 512K, 0% used [0x00000000eb180000,0x00000000eb180000,0x00000000eb200000)
 ParOldGen       total 5632K, used 648K [0x00000000c0000000, 0x00000000c0580000, 0x00000000eab00000)
  object space 5632K, 11% used [0x00000000c0000000,0x00000000c00a2020,0x00000000c0580000)
 Metaspace       used 6388K, capacity 7284K, committed 7552K, reserved 1056768K
  class space    used 793K, capacity 816K, committed 896K, reserved 1048576K
Event: 0.416 GC heap after
Heap after GC invocations=4 (full 0):
 PSYoungGen      total 6656K, used 480K [0x00000000eab00000, 0x00000000eb200000, 0x0000000100000000)
  eden space 6144K, 0% used [0x00000000eab00000,0x00000000eab00000,0x00000000eb100000)
  from space 512K, 93% used [0x00000000eb180000,0x00000000eb1f8020,0x00000000eb200000)
  to   space 512K, 0% used [0x00000000eb100000,0x00000000eb100000,0x00000000eb180000)
 ParOldGen       total 5632K, used 956K [0x00000000c0000000, 0x00000000c0580000, 0x00000000eab00000)
  object space 5632K, 16% used [0x00000000c0000000,0x00000000c00ef030,0x00000000c0580000)
 Metaspace       used 6388K, capacity 7284K, committed 7552K, reserved 1056768K
  class space    used 793K, capacity 816K, committed 896K, reserved 1048576K
}

Deoptimization events (3 events):
Event: 0.457 Thread 0x0000000001e4e000 Uncommon trap: reason=unstable_if action=reinterpret pc=0x000000000294fd20 method=java.lang.String.replace(CC)Ljava/lang/String; @ 26
Event: 0.460 Thread 0x0000000001e4e000 Uncommon trap: reason=class_check action=maybe_recompile pc=0x000000000297b518 method=sun.misc.URLClassPath.getLoader(I)Lsun/misc/URLClassPath$Loader; @ 94
Event: 0.460 Thread 0x0000000001e4e000 Uncommon trap: reason=unstable_if action=reinterpret pc=0x0000000002978f24 method=java.lang.String.indexOf([CII[CIII)I @ 134

Internal exceptions (8 events):
Event: 0.037 Thread 0x0000000001e4e000 Exception <a 'java/lang/NoSuchMethodError': Method sun.misc.Unsafe.defineClass(Ljava/lang/String;[BII)Ljava/lang/Class; name or signature does not match> (0x00000000eab15468) thrown at [C:\workspace\8-2-build-windows-amd64-cygwin\jdk8u65\4987\hotspot\src\s¥L5Îç£?
Event: 0.037 Thread 0x0000000001e4e000 Exception <a 'java/lang/NoSuchMethodError': Method sun.misc.Unsafe.prefetchRead(Ljava/lang/Object;J)V name or signature does not match> (0x00000000eab15750) thrown at [C:\workspace\8-2-build-windows-amd64-cygwin\jdk8u65\4987\hotspot\src\share\vm\prims\jni.H‡å∆)õ≈?
Event: 0.169 Thread 0x0000000001e4e000 Exception <a 'java/security/PrivilegedActionException'> (0x00000000eab32d78) thrown at [C:\workspace\8-2-build-windows-amd64-cygwin\jdk8u65\4987\hotspot\src\share\vm\prims\jvm.cpp, line 1386]
Event: 0.169 Thread 0x0000000001e4e000 Exception <a 'java/security/PrivilegedActionException'> (0x00000000eab33170) thrown at [C:\workspace\8-2-build-windows-amd64-cygwin\jdk8u65\4987\hotspot\src\share\vm\prims\jvm.cpp, line 1386]
Event: 0.170 Thread 0x0000000001e4e000 Exception <a 'java/security/PrivilegedActionException'> (0x00000000eab371a0) thrown at [C:\workspace\8-2-build-windows-amd64-cygwin\jdk8u65\4987\hotspot\src\share\vm\prims\jvm.cpp, line 1386]
Event: 0.170 Thread 0x0000000001e4e000 Exception <a 'java/security/PrivilegedActionException'> (0x00000000eab37598) thrown at [C:\workspace\8-2-build-windows-amd64-cygwin\jdk8u65\4987\hotspot\src\share\vm\prims\jvm.cpp, line 1386]
Event: 0.175 Thread 0x0000000001e4e000 Exception <a 'java/security/PrivilegedActionException'> (0x00000000eab43af0) thrown at [C:\workspace\8-2-build-windows-amd64-cygwin\jdk8u65\4987\hotspot\src\share\vm\prims\jvm.cpp, line 1386]
Event: 0.175 Thread 0x0000000001e4e000 Exception <a 'java/security/PrivilegedActionException'> (0x00000000eab43ee8) thrown at [C:\workspace\8-2-build-windows-amd64-cygwin\jdk8u65\4987\hotspot\src\share\vm\prims\jvm.cpp, line 1386]

Events (10 events):
Event: 0.483 loading class com/sun/tools/javac/util/Position
Event: 0.483 loading class com/sun/tools/javac/util/Position done
Event: 0.483 loading class com/sun/tools/javac/util/Position$LineMapImpl
Event: 0.483 loading class com/sun/tools/javac/util/Position$LineMapImpl done
Event: 0.483 loading class com/sun/tools/javac/util/Position$LineMap
Event: 0.483 loading class com/sun/tools/javac/util/Position$LineMap done
Event: 0.483 loading class com/sun/tools/javac/util/Position$LineTabMapImpl
Event: 0.483 loading class com/sun/tools/javac/util/Position$LineTabMapImpl done
Event: 0.484 loading class com/sun/tools/javac/parser/JavaTokenizer$BasicComment
Event: 0.484 loading class com/sun/tools/javac/parser/JavaTokenizer$BasicComment done


Dynamic libraries:
0x000000013f6c0000 - 0x000000013f6c7000 	C:\Program Files\Java\jdk1.8.0_65\bin\javac.exe
0x0000000077350000 - 0x00000000774fb000 	C:\Windows\SYSTEM32\ntdll.dll
0x0000000077130000 - 0x000000007724f000 	C:\Windows\system32\kernel32.dll
0x000007fefd380000 - 0x000007fefd3eb000 	C:\Windows\system32\KERNELBASE.dll
0x00000000730b0000 - 0x00000000730df000 	C:\Program Files\Java\jdk1.8.0_65\bin\jli.dll
0x000007fefdb80000 - 0x000007fefdc5b000 	C:\Windows\system32\ADVAPI32.dll
0x000007fefd900000 - 0x000007fefd99f000 	C:\Windows\system32\msvcrt.dll
0x000007fefdc60000 - 0x000007fefdc7f000 	C:\Windows\SYSTEM32\sechost.dll
0x000007feff520000 - 0x000007feff64e000 	C:\Windows\system32\RPCRT4.dll
0x000007fefbd70000 - 0x000007fefbf64000 	C:\Windows\WinSxS\amd64_microsoft.windows.common-controls_6595b64144ccf1df_6.0.7600.16385_none_fa645303170382f6\COMCTL32.dll
0x000007feff350000 - 0x000007feff3b7000 	C:\Windows\system32\GDI32.dll
0x0000000077250000 - 0x000000007734a000 	C:\Windows\system32\USER32.dll
0x000007feff510000 - 0x000007feff51e000 	C:\Windows\system32\LPK.dll
0x000007feff3c0000 - 0x000007feff48a000 	C:\Windows\system32\USP10.dll
0x000007feff490000 - 0x000007feff501000 	C:\Windows\system32\SHLWAPI.dll
0x00000000728e0000 - 0x00000000729b2000 	C:\Program Files\Java\jdk1.8.0_65\bin\MSVCR100.dll
0x000007fefeb40000 - 0x000007fefeb6e000 	C:\Windows\system32\IMM32.DLL
0x000007fefeb70000 - 0x000007fefec79000 	C:\Windows\system32\MSCTF.dll
0x0000000072440000 - 0x0000000072512000 	C:\Program Files\Java\jdk1.8.0_65\jre\bin\msvcr100.dll
0x0000000058ed0000 - 0x0000000059759000 	C:\Program Files\Java\jdk1.8.0_65\jre\bin\server\jvm.dll
0x000007feef6b0000 - 0x000007feef6b9000 	C:\Windows\system32\WSOCK32.dll
0x000007fefd680000 - 0x000007fefd6cd000 	C:\Windows\system32\WS2_32.dll
0x000007feff650000 - 0x000007feff658000 	C:\Windows\system32\NSI.dll
0x000007fefa920000 - 0x000007fefa95b000 	C:\Windows\system32\WINMM.dll
0x000007fefc400000 - 0x000007fefc40c000 	C:\Windows\system32\VERSION.dll
0x0000000077510000 - 0x0000000077517000 	C:\Windows\system32\PSAPI.DLL
0x0000000073100000 - 0x000000007310f000 	C:\Program Files\Java\jdk1.8.0_65\jre\bin\verify.dll
0x0000000073080000 - 0x00000000730a9000 	C:\Program Files\Java\jdk1.8.0_65\jre\bin\java.dll
0x00000000730e0000 - 0x00000000730f6000 	C:\Program Files\Java\jdk1.8.0_65\jre\bin\zip.dll
0x000007fefdc80000 - 0x000007fefea06000 	C:\Windows\system32\SHELL32.dll
0x000007fefd6d0000 - 0x000007fefd8d1000 	C:\Windows\system32\ole32.dll
0x000007fefd2b0000 - 0x000007fefd2bf000 	C:\Windows\system32\profapi.dll
0x0000000072f90000 - 0x0000000072faa000 	C:\Program Files\Java\jdk1.8.0_65\jre\bin\net.dll
0x000007fefcb20000 - 0x000007fefcb74000 	C:\Windows\system32\mswsock.dll
0x000007fefcb10000 - 0x000007fefcb17000 	C:\Windows\System32\wship6.dll
0x0000000072fb0000 - 0x0000000072fc1000 	C:\Program Files\Java\jdk1.8.0_65\jre\bin\nio.dll
0x000007feed230000 - 0x000007feed355000 	C:\Windows\system32\dbghelp.dll

VM Arguments:
jvm_args: -Dapplication.home=C:\Program Files\Java\jdk1.8.0_65 -Xms8m 
java_command: com.sun.tools.javac.Main ./common/*.java ./propias/dominio/clases/*.java ./propias/dominio/clases/dlx/*.java ./propias/dominio/controladores/*.java ./propias/persistencia/*.java ./propias/presentacion/*.java main.java ./propias/Driver/*.java
java_class_path (initial): C:\Program Files\Java\jdk1.8.0_65/lib/tools.jar;C:\Program Files\Java\jdk1.8.0_65/classes
Launcher Type: SUN_STANDARD

Environment Variables:
PATH=C:\Users\Sisifo\AppData\Local\GitHub\PortableGit_c2ba306e536fdf878271f7fe636a147ff37326ad\cmd;C:\Users\Sisifo\AppData\Local\GitHub\PortableGit_c2ba306e536fdf878271f7fe636a147ff37326ad\bin;C:\Users\Sisifo\AppData\Local\Apps\2.0\Z2P22ZZL.V45\QCHAKAH8.R0P\gith..tion_317444273a93ac29_0003.0000_12384c781d7f8ad4;C:\Users\Sisifo\AppData\Local\GitHub\lfs-amd64_1.0.2;C:\Windows\Microsoft.NET\Framework\v4.0.30319;C:\ProgramData\Oracle\Java\javapath;C:\Windows\system32;C:\Windows;C:\Windows\System32\Wbem;C:\Windows\System32\WindowsPowerShell\v1.0\;C:\Program Files (x86)\Skype\Phone\;C:\Program Files\Java\jdk1.8.0_65\bin;.
USERNAME=Sisifo
OS=Windows_NT
PROCESSOR_IDENTIFIER=Intel64 Family 6 Model 23 Stepping 10, GenuineIntel



---------------  S Y S T E M  ---------------

OS: Windows 7 , 64 bit Build 7600 (6.1.7600.16385)

CPU:total 4 (4 cores per cpu, 1 threads per core) family 6 model 23 stepping 10, cmov, cx8, fxsr, mmx, sse, sse2, sse3, ssse3, sse4.1, tsc

Memory: 4k page, physical 4193592k(1801816k free), swap 8385288k(5510384k free)

vm_info: Java HotSpot(TM) 64-Bit Server VM (25.65-b01) for windows-amd64 JRE (1.8.0_65-b17), built on Oct  6 2015 16:39:20 by "java_re" with MS VC++ 10.0 (VS2010)

time: Wed Nov 18 17:31:39 2015
elapsed time: 0 seconds (0d 0h 0m 0s)

